INFO  [2018-05-18 19:45:11,739] [Крой 0735 Пользователь 0005] Открыл крой
INFO  [2018-05-18 19:45:13,805] [Крой 0735 Пользователь 0005] Выходит без сохранения
INFO  [2018-05-18 20:07:51,369] [Крой 0734 Пользователь 0005] Открыл крой
INFO  [2018-05-18 20:07:57,081] [Крой 0734 Пользователь 0005] Сохранена новая пачка
INFO  [2018-05-18 20:08:30,050] [Крой 0732 Пользователь 0005] Открыл крой
INFO  [2018-05-18 20:08:32,537] [Крой 0732 Пользователь 0005] Сохранена новая пачка
INFO  [2018-05-18 20:08:37,509] [Крой 0732 Пользователь 0005] Нажата кнопка принять
INFO  [2018-05-18 20:08:37,509] [Крой 0732 Пользователь 0005] Проверка на совпадение чисел
INFO  [2018-05-18 20:08:37,509] [Крой 0732 Пользователь 0005] Вес пачек 106.3000 - 106.3000
INFO  [2018-05-18 20:08:37,517] [Крой 0732 Пользователь 0005] Вес обрези 35.0100 - 35.0100
INFO  [2018-05-18 20:08:37,517] [Крой 0732 Пользователь 0005] Вес ИТОГО 141.3100 - 141.3100
INFO  [2018-05-18 20:08:37,518] [Крой 0732 Пользователь 0005] Нужно ли сохранять крой - True
INFO  [2018-05-18 20:08:37,518] [Крой 0732 Пользователь 0005] Начало сохранения кроя
INFO  [2018-05-18 20:08:37,592] [Крой 0732 Пользователь 0005] Ответ от класса кроя - Крой сохранен
INFO  [2018-05-21 14:09:18,654] [Крой 0745 Пользователь 0005] Создает крой
INFO  [2018-05-22 13:31:07,849] [Крой 0745 Пользователь 0005] Открыл крой
INFO  [2018-05-22 13:31:14,499] [Крой 0745 Пользователь 0005] Открытие пачки 22961
INFO  [2018-05-22 13:31:14,771] [Крой 0745 Пользователь 0005] Открыта пачка 22961
INFO  [2018-05-22 13:31:21,273] [Крой 0745 Пользователь 0005] Пачка 22961 изменение даты проверки
INFO  [2018-05-22 13:31:22,253] [Крой 0745 Пользователь 0005] Пачка 22961 изменение даты проверки
INFO  [2018-05-22 13:31:24,258] [Крой 0745 Пользователь 0005] Пачка 22961 изменение даты приемки
INFO  [2018-05-22 13:31:24,950] [Крой 0745 Пользователь 0005] Пачка 22961 изменение даты приемки
INFO  [2018-05-22 13:31:28,982] [Крой 0745 Пользователь 0005] Пачка 22961 изменение кол-ва в пачке 172
INFO  [2018-05-22 13:31:32,702] [Крой 0745 Пользователь 0005] Пачка 22961 изменение кол-ва брака 1
INFO  [2018-05-22 13:31:37,693] [Крой 0745 Пользователь 0005] Пачка 22961 изменение кол-ва брака 0
INFO  [2018-05-22 13:31:41,965] [Крой 0745 Пользователь 0005] Пачка 22961 нажата кнопка принять
INFO  [2018-05-22 13:31:42,080] [Крой 0745 Пользователь 0005] Сохранена пачка
INFO  [2018-05-22 13:31:46,147] [Крой 0745 Пользователь 0005] Нажата кнопка принять
INFO  [2018-05-22 13:31:46,147] [Крой 0745 Пользователь 0005] Проверка на совпадение чисел
INFO  [2018-05-22 13:31:46,148] [Крой 0745 Пользователь 0005] Вес пачек 37.0000 - 37.0000
INFO  [2018-05-22 13:31:46,148] [Крой 0745 Пользователь 0005] Вес обрези 0.0000 - 0.0000
INFO  [2018-05-22 13:31:46,148] [Крой 0745 Пользователь 0005] Вес ИТОГО 37.0000 - 37.0000
INFO  [2018-05-22 13:31:46,148] [Крой 0745 Пользователь 0005] Нужно ли сохранять крой - True
INFO  [2018-05-22 13:31:46,149] [Крой 0745 Пользователь 0005] Начало сохранения кроя
INFO  [2018-05-22 13:31:46,213] [Крой 0745 Пользователь 0005] Ответ от класса кроя - Крой сохранен
INFO  [2018-05-22 13:31:50,142] [Крой 0744 Пользователь 0005] Открыл крой
INFO  [2018-05-24 18:40:29,376] [Крой 0760 Пользователь 0005] Открыл крой
INFO  [2018-05-24 18:40:31,880] [Крой 0760 Пользователь 0005] Открытие пачки 23307
INFO  [2018-05-24 18:40:32,124] [Крой 0760 Пользователь 0005] Открыта пачка 23307
INFO  [2018-05-24 18:40:37,665] [Пользователь 0005] Печатает артикул 794 28 794 (28) [Ашан], кол-во 1, бирка \\192.168.1.3\бирки\794 28 Ашан\794-28.btw, ID пачки 23307
INFO  [2018-05-24 18:40:40,386] [Крой 0760 Пользователь 0005] Пачка 23307 нажата кнопка отмена
INFO  [2018-05-24 18:40:45,881] [Крой 0760 Пользователь 0005] Нажата кнопка отмена
INFO  [2018-05-24 18:42:04,164] [Крой 0760 Пользователь 0005] Открыл крой
INFO  [2018-05-24 18:42:06,113] [Крой 0760 Пользователь 0005] Открытие пачки 23306
INFO  [2018-05-24 18:42:06,356] [Крой 0760 Пользователь 0005] Открыта пачка 23306
INFO  [2018-05-25 15:59:43,107] [Крой 0763 Пользователь 0005] Открыл крой
INFO  [2018-05-25 15:59:48,968] [Крой 0763 Пользователь 0005] Открытие пачки 23482
INFO  [2018-05-25 15:59:49,296] [Крой 0763 Пользователь 0005] Открыта пачка 23482
INFO  [2018-05-25 16:02:57,442] [Крой 0001 Пользователь 0005] Открыта пачка 12
INFO  [2018-05-25 16:08:01,152] [Крой 0766 Пользователь 0005] Открыл крой
INFO  [2018-05-25 16:08:02,048] [Крой 0766 Пользователь 0005] Открытие пачки 23529
INFO  [2018-05-25 16:08:02,334] [Крой 0766 Пользователь 0005] Открыта пачка 23529
INFO  [2018-05-25 16:08:03,781] [Крой 0766 Пользователь 0005] Пачка 23529 изменение даты проверки
INFO  [2018-05-25 16:08:33,674] [Крой 0766 Пользователь 0005] Пачка 23529 изменение даты проверки
INFO  [2018-05-25 16:08:37,616] [Крой 0766 Пользователь 0005] Пачка 23529 изменение даты проверки
INFO  [2018-05-25 16:09:07,176] [Крой 0764 Пользователь 0005] Открыл крой
INFO  [2018-05-25 16:09:08,186] [Крой 0764 Пользователь 0005] Открытие пачки 23489
INFO  [2018-05-25 16:09:08,463] [Крой 0764 Пользователь 0005] Открыта пачка 23489
INFO  [2018-05-25 16:09:09,633] [Крой 0764 Пользователь 0005] Пачка 23489 изменение даты проверки
INFO  [2018-05-25 16:09:22,388] [Крой 0765 Пользователь 0005] Открыл крой
INFO  [2018-05-25 16:09:23,510] [Крой 0765 Пользователь 0005] Открытие пачки 23508
INFO  [2018-05-25 16:09:23,764] [Крой 0765 Пользователь 0005] Открыта пачка 23508
INFO  [2018-05-25 16:09:25,398] [Крой 0765 Пользователь 0005] Пачка 23508 изменение даты проверки
INFO  [2018-06-01 16:13:18,926] [Крой 0745 Пользователь 0005] Открыл крой
INFO  [2018-06-01 16:13:29,784] [Крой 0745 Пользователь 0005] Открытие пачки 22976
INFO  [2018-06-01 16:13:30,071] [Крой 0745 Пользователь 0005] Открыта пачка 22976
INFO  [2018-06-06 12:09:28,990] [Крой 0807 Пользователь 0005] Открыл крой
INFO  [2018-06-06 12:46:59,162] [Крой 0808 Пользователь 0005] Открыл крой
INFO  [2018-06-06 12:47:13,030] [Крой 0808 Пользователь 0005] Открытие пачки 24702
INFO  [2018-06-06 12:47:13,298] [Крой 0808 Пользователь 0005] Открыта пачка 24702
INFO  [2018-06-06 13:08:50,926] [Крой 0806 Пользователь 0005] Открыл крой
INFO  [2018-06-06 13:08:56,824] [Крой 0806 Пользователь 0005] Открытие пачки 24632
INFO  [2018-06-06 13:08:57,080] [Крой 0806 Пользователь 0005] Открыта пачка 24632
INFO  [2018-06-06 13:21:39,800] [Крой 0794 Пользователь 0005] Открыл крой
INFO  [2018-06-06 13:21:43,225] [Крой 0786 Пользователь 0005] Открыл крой
INFO  [2018-06-06 13:29:13,330] [Крой 0806 Пользователь 0005] Открыл крой
INFO  [2018-06-06 13:29:16,394] [Крой 0806 Пользователь 0005] Открытие пачки 24637
INFO  [2018-06-06 13:29:16,633] [Крой 0806 Пользователь 0005] Открыта пачка 24637
INFO  [2018-06-06 13:29:28,452] [Крой 0806 Пользователь 0005] Открытие пачки 24634
INFO  [2018-06-06 13:29:28,691] [Крой 0806 Пользователь 0005] Открыта пачка 24634
INFO  [2018-06-06 13:29:49,922] [Крой 0806 Пользователь 0005] Открытие пачки 24637
INFO  [2018-06-06 13:29:50,171] [Крой 0806 Пользователь 0005] Открыта пачка 24637
INFO  [2018-06-06 13:29:54,050] [Крой 0806 Пользователь 0005] Открытие пачки 24635
INFO  [2018-06-06 13:29:54,301] [Крой 0806 Пользователь 0005] Открыта пачка 24635
INFO  [2018-06-06 14:25:37,416] [Крой 0808 Пользователь 0005] Открыл крой
INFO  [2018-06-06 14:25:38,348] [Крой 0808 Пользователь 0005] Открытие пачки 24703
INFO  [2018-06-06 14:25:38,567] [Крой 0808 Пользователь 0005] Открыта пачка 24703
INFO  [2018-06-06 14:25:42,981] [Крой 0806 Пользователь 0005] Открыл крой
INFO  [2018-06-06 14:25:46,093] [Крой 0799 Пользователь 0005] Открыл крой
INFO  [2018-06-06 14:25:48,554] [Крой 0792 Пользователь 0005] Открыл крой
INFO  [2018-06-06 14:25:50,778] [Крой 0782 Пользователь 0005] Открыл крой
INFO  [2018-06-06 14:25:53,713] [Крой 0775 Пользователь 0005] Открыл крой
INFO  [2018-06-06 14:25:55,998] [Крой 0768 Пользователь 0005] Открыл крой
INFO  [2018-06-06 14:25:58,014] [Крой 0759 Пользователь 0005] Открыл крой
INFO  [2018-06-06 14:26:01,307] [Крой 0746 Пользователь 0005] Открыл крой
INFO  [2018-06-06 14:26:04,529] [Крой 0745 Пользователь 0005] Открыл крой
INFO  [2018-06-06 14:26:06,947] [Крой 0744 Пользователь 0005] Открыл крой
INFO  [2018-06-06 14:26:10,116] [Крой 0740 Пользователь 0005] Открыл крой
INFO  [2018-06-06 14:26:13,759] [Крой 0731 Пользователь 0005] Открыл крой
INFO  [2018-06-06 14:26:35,863] [Крой 0728 Пользователь 0005] Открыл крой
INFO  [2018-06-06 14:26:41,957] [Крой 0731 Пользователь 0005] Открыл крой
INFO  [2018-06-06 14:27:10,066] [Крой 0346 Пользователь 0005] Открыл крой
INFO  [2018-06-06 14:27:37,206] [Крой 0346 Пользователь 0005] Открыл крой
INFO  [2018-06-06 14:29:34,653] [Крой 0608 Пользователь 0005] Открыл крой
INFO  [2018-06-06 14:29:38,024] [Крой 0117 Пользователь 0005] Открыл крой
INFO  [2018-06-06 14:29:41,776] [Крой 0347 Пользователь 0005] Открыл крой
INFO  [2018-06-06 14:29:45,979] [Крой 0501 Пользователь 0005] Открыл крой
INFO  [2018-06-06 14:29:49,277] [Крой 0606 Пользователь 0005] Открыл крой
INFO  [2018-06-06 14:29:55,422] [Крой 0117 Пользователь 0005] Открыл крой
INFO  [2018-06-06 14:29:59,719] [Крой 0501 Пользователь 0005] Открыл крой
INFO  [2018-06-08 15:38:51,987] [Крой 0015 Пользователь 0005] Открыта пачка 626
INFO  [2018-06-08 15:39:00,999] [Крой 0015 Пользователь 0005] Открыта пачка 629
INFO  [2018-06-08 15:39:15,880] [Крой 0002 Пользователь 0005] Открыта пачка 15
INFO  [2018-06-08 15:39:18,776] [Крой 0002 Пользователь 0005] Открыта пачка 15
INFO  [2018-06-08 15:43:30,405] [Крой 0823 Пользователь 0005] Открыл крой
INFO  [2018-06-08 15:43:31,342] [Крой 0823 Пользователь 0005] Открытие пачки 25159
INFO  [2018-06-08 15:43:31,623] [Крой 0823 Пользователь 0005] Открыта пачка 25159
INFO  [2018-06-08 15:43:45,471] [Крой 0823 Пользователь 0005] Открытие пачки 25160
INFO  [2018-06-08 15:43:45,767] [Крой 0823 Пользователь 0005] Открыта пачка 25160
INFO  [2018-06-15 18:51:44,004] [Крой 0859 Пользователь 0005] Открыл крой
INFO  [2018-06-15 18:51:47,755] [Крой 0862 Пользователь 0005] Открыл крой
INFO  [2018-06-15 18:51:55,074] [Крой 0862 Пользователь 0005] Открыл крой
INFO  [2018-06-15 18:51:57,075] [Крой 0862 Пользователь 0005] Открытие пачки 26126
INFO  [2018-06-15 18:51:57,374] [Крой 0862 Пользователь 0005] Открыта пачка 26126
INFO  [2018-06-15 18:53:00,817] [Крой 0858 Пользователь 0005] Открыл крой
INFO  [2018-06-15 18:53:02,739] [Крой 0858 Пользователь 0005] Открытие пачки 26045
INFO  [2018-06-15 18:53:03,036] [Крой 0858 Пользователь 0005] Открыта пачка 26045
INFO  [2018-06-15 18:54:49,191] [Крой 0857 Пользователь 0005] Открыл крой
INFO  [2018-06-15 18:54:50,567] [Крой 0857 Пользователь 0005] Открытие пачки 26029
INFO  [2018-06-15 18:54:50,832] [Крой 0857 Пользователь 0005] Открыта пачка 26029
INFO  [2018-06-15 18:59:08,993] [Крой 0862 Пользователь 0005] Открыл крой
INFO  [2018-06-15 18:59:10,935] [Крой 0862 Пользователь 0005] Открытие пачки 26126
INFO  [2018-06-15 18:59:11,216] [Крой 0862 Пользователь 0005] Открыта пачка 26126
INFO  [2018-06-15 19:02:55,465] [Крой 0862 Пользователь 0005] Открыл крой
INFO  [2018-06-15 19:02:57,746] [Крой 0862 Пользователь 0005] Открытие пачки 26126
INFO  [2018-06-15 19:02:58,012] [Крой 0862 Пользователь 0005] Открыта пачка 26126
INFO  [2018-06-15 19:03:23,481] [Крой 0862 Пользователь 0005] Пачка 26126 нажата кнопка принять
INFO  [2018-06-15 19:03:23,536] [Крой 0862 Пользователь 0005] Сохранена пачка
INFO  [2018-06-15 19:03:28,490] [Крой 0862 Пользователь 0005] Открытие пачки 26126
INFO  [2018-06-15 19:03:28,787] [Крой 0862 Пользователь 0005] Открыта пачка 26126
INFO  [2018-06-15 19:03:33,565] [Крой 0862 Пользователь 0005] Пачка 26126 нажата кнопка принять
INFO  [2018-06-15 19:03:33,796] [Крой 0862 Пользователь 0005] Сохранена пачка
INFO  [2018-06-15 19:03:36,076] [Крой 0862 Пользователь 0005] Открытие пачки 26126
INFO  [2018-06-15 19:03:36,322] [Крой 0862 Пользователь 0005] Открыта пачка 26126
INFO  [2018-06-20 15:38:32,347] [Крой 0803 Пользователь 0005] Открыта пачка 24534
INFO  [2018-06-20 15:38:36,338] [Крой 0804 Пользователь 0005] Открыта пачка 24609
INFO  [2018-06-20 15:38:40,989] [Крой 0804 Пользователь 0005] Пачка 24609 изменение кол-ва в пачке 160
INFO  [2018-06-22 13:21:21,587] [Крой 0889 Пользователь 0005] Открыл крой
INFO  [2018-06-22 13:21:22,672] [Крой 0889 Пользователь 0005] Добавление новой пачки
INFO  [2018-06-22 13:21:54,104] [Крой 0888 Пользователь 0005] Открыл крой
INFO  [2018-06-22 13:21:55,213] [Крой 0888 Пользователь 0005] Добавление новой пачки
INFO  [2018-06-22 14:44:54,220] [Крой 0886 Пользователь 0005] Открыл крой
INFO  [2018-06-22 14:44:55,733] [Крой 0886 Пользователь 0005] Открытие пачки 26744
INFO  [2018-06-22 14:44:55,975] [Крой 0886 Пользователь 0005] Открыта пачка 26744
INFO  [2018-06-22 14:47:04,926] [Крой 0883 Пользователь 0005] Открыл крой
INFO  [2018-06-22 14:47:06,973] [Крой 0883 Пользователь 0005] Открытие пачки 26671
INFO  [2018-06-22 14:47:07,241] [Крой 0883 Пользователь 0005] Открыта пачка 26671
INFO  [2018-06-22 14:48:19,830] [Крой 0883 Пользователь 0005] Открыл крой
INFO  [2018-06-22 14:48:21,361] [Крой 0883 Пользователь 0005] Открытие пачки 26671
INFO  [2018-06-22 14:48:21,636] [Крой 0883 Пользователь 0005] Открыта пачка 26671
INFO  [2018-06-22 14:50:58,683] [Крой 0887 Пользователь 0005] Открыл крой
INFO  [2018-06-22 14:51:01,059] [Крой 0887 Пользователь 0005] Открытие пачки 26778
INFO  [2018-06-22 14:51:01,339] [Крой 0887 Пользователь 0005] Открыта пачка 26778
INFO  [2018-06-22 14:51:48,368] [Крой 0887 Пользователь 0005] Открыл крой
INFO  [2018-06-22 14:51:49,693] [Крой 0887 Пользователь 0005] Открытие пачки 26778
INFO  [2018-06-22 14:51:49,963] [Крой 0887 Пользователь 0005] Открыта пачка 26778
INFO  [2018-06-22 14:52:35,771] [Крой 0001 Пользователь 0005] Открыта пачка 9
INFO  [2018-06-22 15:00:13,754] [Крой 0887 Пользователь 0005] Открыл крой
INFO  [2018-06-22 15:00:14,884] [Крой 0887 Пользователь 0005] Открытие пачки 26780
INFO  [2018-06-22 15:00:15,132] [Крой 0887 Пользователь 0005] Открыта пачка 26780
INFO  [2018-06-22 15:01:16,556] [Крой 0001 Пользователь 0005] Открыта пачка 8
INFO  [2018-06-22 15:09:11,375] [Крой 0001 Пользователь 0005] Открыта пачка 9
